{"contracts/Surpay.sol":{"l":{"63":6,"64":5,"69":3,"70":3,"71":3,"83":1,"85":1,"86":1,"87":1,"88":1,"89":1,"97":3,"98":2,"100":1,"110":7,"111":0,"114":7,"115":7,"116":7,"117":7,"118":7,"119":7,"120":7,"122":7,"123":7,"132":5,"134":5,"135":5,"136":5,"138":5,"139":2,"140":2,"141":2,"144":5,"148":0,"157":1,"160":1,"162":1,"164":1,"165":2,"166":1,"167":1,"168":0,"176":0,"177":0,"178":0,"185":1,"189":0,"190":0,"192":0,"198":10,"202":10,"206":1,"210":0,"211":0,"213":0,"219":1,"220":1,"222":0,"228":1,"229":1,"231":0,"236":1,"237":1,"239":0,"245":1,"246":1,"248":0,"253":0,"254":0,"256":0},"path":"/Users/KeeganLaptop/chainlink-bootcamp/surpay-backend/contracts/Surpay.sol","s":{"1":6,"2":1,"3":1,"4":1,"5":1,"6":1,"7":1,"8":3,"9":7,"10":7,"11":7,"12":5,"13":5,"14":5,"15":5,"16":2,"17":2,"18":5,"19":1,"20":1,"21":1,"22":2,"23":1,"24":1,"25":0,"26":0,"27":1,"28":0,"29":0,"30":10,"31":10,"32":1,"33":0,"34":0,"35":1,"36":1,"37":1,"38":1,"39":1,"40":1,"41":1,"42":1,"43":0,"44":0},"b":{"1":[1,5],"2":[1,0],"3":[2,1],"4":[0,7],"5":[5,1],"6":[5,0],"7":[2,3],"8":[1,1],"9":[0,1],"10":[0,0],"11":[0,0],"12":[0,0],"13":[1,0],"14":[1,0],"15":[1,0],"16":[1,0],"17":[0,0]},"f":{"1":6,"2":3,"3":1,"4":3,"5":7,"6":5,"7":1,"8":0,"9":1,"10":0,"11":10,"12":10,"13":1,"14":0,"15":1,"16":1,"17":1,"18":1,"19":0},"fnMap":{"1":{"name":"onlyOwner","line":62,"loc":{"start":{"line":62,"column":4},"end":{"line":65,"column":4}}},"2":{"name":"constructor","line":68,"loc":{"start":{"line":68,"column":4},"end":{"line":72,"column":4}}},"3":{"name":"performUpkeep","line":82,"loc":{"start":{"line":82,"column":4},"end":{"line":93,"column":4}}},"4":{"name":"checkUpkeep","line":95,"loc":{"start":{"line":95,"column":4},"end":{"line":102,"column":4}}},"5":{"name":"createSurvey","line":104,"loc":{"start":{"line":104,"column":4},"end":{"line":124,"column":4}}},"6":{"name":"sendUserSurveyData","line":130,"loc":{"start":{"line":130,"column":4},"end":{"line":150,"column":4}}},"7":{"name":"distributeFundsFromCompletedSurvey","line":155,"loc":{"start":{"line":155,"column":4},"end":{"line":173,"column":4}}},"8":{"name":"removeCompletedSurveys","line":175,"loc":{"start":{"line":175,"column":4},"end":{"line":180,"column":4}}},"9":{"name":"getOwner","line":184,"loc":{"start":{"line":184,"column":4},"end":{"line":186,"column":4}}},"10":{"name":"getSurveyState","line":188,"loc":{"start":{"line":188,"column":4},"end":{"line":195,"column":4}}},"11":{"name":"getSurveyCreationFee","line":197,"loc":{"start":{"line":197,"column":4},"end":{"line":199,"column":4}}},"12":{"name":"getInterval","line":201,"loc":{"start":{"line":201,"column":4},"end":{"line":203,"column":4}}},"13":{"name":"getCompanyId","line":205,"loc":{"start":{"line":205,"column":4},"end":{"line":207,"column":4}}},"14":{"name":"getSurveyPayoutAmount","line":209,"loc":{"start":{"line":209,"column":4},"end":{"line":215,"column":4}}},"15":{"name":"getSurveyTaker","line":217,"loc":{"start":{"line":217,"column":4},"end":{"line":225,"column":4}}},"16":{"name":"getAllSurveyResponseData","line":227,"loc":{"start":{"line":227,"column":4},"end":{"line":233,"column":4}}},"17":{"name":"getSurveyResponseData","line":235,"loc":{"start":{"line":235,"column":4},"end":{"line":242,"column":4}}},"18":{"name":"getLastTimeStamp","line":244,"loc":{"start":{"line":244,"column":4},"end":{"line":250,"column":4}}},"19":{"name":"getPayoutPerPersonBySurveyId","line":252,"loc":{"start":{"line":252,"column":4},"end":{"line":258,"column":4}}}},"statementMap":{"1":{"start":{"line":63,"column":8},"end":{"line":63,"column":60}},"2":{"start":{"line":83,"column":8},"end":{"line":83,"column":47}},"3":{"start":{"line":85,"column":8},"end":{"line":85,"column":2488}},"4":{"start":{"line":86,"column":12},"end":{"line":86,"column":65}},"5":{"start":{"line":87,"column":12},"end":{"line":87,"column":2587}},"6":{"start":{"line":88,"column":12},"end":{"line":88,"column":48}},"7":{"start":{"line":89,"column":12},"end":{"line":89,"column":54}},"8":{"start":{"line":97,"column":8},"end":{"line":97,"column":2963}},"9":{"start":{"line":110,"column":12},"end":{"line":110,"column":3317}},"10":{"start":{"line":114,"column":12},"end":{"line":114,"column":35}},"11":{"start":{"line":123,"column":12},"end":{"line":123,"column":41}},"12":{"start":{"line":132,"column":8},"end":{"line":132,"column":4233}},"13":{"start":{"line":134,"column":12},"end":{"line":134,"column":68}},"14":{"start":{"line":135,"column":12},"end":{"line":135,"column":71}},"15":{"start":{"line":138,"column":12},"end":{"line":138,"column":4793}},"16":{"start":{"line":140,"column":16},"end":{"line":140,"column":49}},"17":{"start":{"line":141,"column":16},"end":{"line":141,"column":47}},"18":{"start":{"line":144,"column":12},"end":{"line":144,"column":47}},"19":{"start":{"line":157,"column":8},"end":{"line":157,"column":61}},"20":{"start":{"line":160,"column":8},"end":{"line":160,"column":24}},"21":{"start":{"line":164,"column":8},"end":{"line":164,"column":5830}},"22":{"start":{"line":165,"column":12},"end":{"line":165,"column":5925}},"23":{"start":{"line":166,"column":16},"end":{"line":166,"column":111}},"24":{"start":{"line":167,"column":16},"end":{"line":167,"column":6097}},"25":{"start":{"line":176,"column":8},"end":{"line":176,"column":61}},"26":{"start":{"line":177,"column":8},"end":{"line":177,"column":6343}},"27":{"start":{"line":185,"column":8},"end":{"line":185,"column":22}},"28":{"start":{"line":189,"column":8},"end":{"line":189,"column":6672}},"29":{"start":{"line":190,"column":12},"end":{"line":190,"column":51}},"30":{"start":{"line":198,"column":8},"end":{"line":198,"column":34}},"31":{"start":{"line":202,"column":8},"end":{"line":202,"column":25}},"32":{"start":{"line":206,"column":8},"end":{"line":206,"column":44}},"33":{"start":{"line":210,"column":8},"end":{"line":210,"column":7308}},"34":{"start":{"line":211,"column":12},"end":{"line":211,"column":57}},"35":{"start":{"line":219,"column":8},"end":{"line":219,"column":7656}},"36":{"start":{"line":220,"column":12},"end":{"line":220,"column":62}},"37":{"start":{"line":228,"column":8},"end":{"line":228,"column":7975}},"38":{"start":{"line":229,"column":12},"end":{"line":229,"column":58}},"39":{"start":{"line":236,"column":8},"end":{"line":236,"column":8295}},"40":{"start":{"line":237,"column":12},"end":{"line":237,"column":72}},"41":{"start":{"line":245,"column":8},"end":{"line":245,"column":8604}},"42":{"start":{"line":246,"column":12},"end":{"line":246,"column":53}},"43":{"start":{"line":253,"column":8},"end":{"line":253,"column":8897}},"44":{"start":{"line":254,"column":12},"end":{"line":254,"column":103}}},"branchMap":{"1":{"line":63,"type":"if","locations":[{"start":{"line":63,"column":8},"end":{"line":63,"column":8}},{"start":{"line":63,"column":8},"end":{"line":63,"column":8}}]},"2":{"line":85,"type":"if","locations":[{"start":{"line":85,"column":8},"end":{"line":85,"column":8}},{"start":{"line":85,"column":8},"end":{"line":85,"column":8}}]},"3":{"line":97,"type":"if","locations":[{"start":{"line":97,"column":8},"end":{"line":97,"column":8}},{"start":{"line":97,"column":8},"end":{"line":97,"column":8}}]},"4":{"line":110,"type":"if","locations":[{"start":{"line":110,"column":12},"end":{"line":110,"column":12}},{"start":{"line":110,"column":12},"end":{"line":110,"column":12}}]},"5":{"line":130,"type":"if","locations":[{"start":{"line":130,"column":112},"end":{"line":130,"column":112}},{"start":{"line":130,"column":112},"end":{"line":130,"column":112}}]},"6":{"line":132,"type":"if","locations":[{"start":{"line":132,"column":8},"end":{"line":132,"column":8}},{"start":{"line":132,"column":8},"end":{"line":132,"column":8}}]},"7":{"line":138,"type":"if","locations":[{"start":{"line":138,"column":12},"end":{"line":138,"column":12}},{"start":{"line":138,"column":12},"end":{"line":138,"column":12}}]},"8":{"line":165,"type":"if","locations":[{"start":{"line":165,"column":12},"end":{"line":165,"column":12}},{"start":{"line":165,"column":12},"end":{"line":165,"column":12}}]},"9":{"line":167,"type":"if","locations":[{"start":{"line":167,"column":16},"end":{"line":167,"column":16}},{"start":{"line":167,"column":16},"end":{"line":167,"column":16}}]},"10":{"line":175,"type":"if","locations":[{"start":{"line":175,"column":45},"end":{"line":175,"column":45}},{"start":{"line":175,"column":45},"end":{"line":175,"column":45}}]},"11":{"line":189,"type":"if","locations":[{"start":{"line":189,"column":8},"end":{"line":189,"column":8}},{"start":{"line":189,"column":8},"end":{"line":189,"column":8}}]},"12":{"line":210,"type":"if","locations":[{"start":{"line":210,"column":8},"end":{"line":210,"column":8}},{"start":{"line":210,"column":8},"end":{"line":210,"column":8}}]},"13":{"line":219,"type":"if","locations":[{"start":{"line":219,"column":8},"end":{"line":219,"column":8}},{"start":{"line":219,"column":8},"end":{"line":219,"column":8}}]},"14":{"line":228,"type":"if","locations":[{"start":{"line":228,"column":8},"end":{"line":228,"column":8}},{"start":{"line":228,"column":8},"end":{"line":228,"column":8}}]},"15":{"line":236,"type":"if","locations":[{"start":{"line":236,"column":8},"end":{"line":236,"column":8}},{"start":{"line":236,"column":8},"end":{"line":236,"column":8}}]},"16":{"line":245,"type":"if","locations":[{"start":{"line":245,"column":8},"end":{"line":245,"column":8}},{"start":{"line":245,"column":8},"end":{"line":245,"column":8}}]},"17":{"line":253,"type":"if","locations":[{"start":{"line":253,"column":8},"end":{"line":253,"column":8}},{"start":{"line":253,"column":8},"end":{"line":253,"column":8}}]}}}}