{"contracts/Surpay.sol":{"l":{"73":12,"74":10,"79":3,"80":3,"81":3,"98":2,"100":2,"101":1,"102":1,"103":1,"104":1,"107":1,"115":4,"116":2,"118":2,"132":12,"133":0,"136":12,"138":12,"139":12,"140":12,"141":12,"142":12,"143":12,"144":12,"146":12,"147":12,"158":8,"160":7,"161":7,"162":7,"164":7,"165":3,"166":3,"168":3,"171":7,"175":1,"185":1,"188":1,"189":0,"193":1,"195":1,"197":1,"198":2,"199":2,"200":2,"201":0,"205":1,"210":2,"211":1,"213":1,"214":1,"215":1,"216":1,"218":0,"224":0,"225":0,"226":0,"233":1,"237":0,"238":0,"240":0,"246":3,"250":17,"254":16,"258":1,"262":0,"263":0,"265":0,"271":1,"272":1,"274":0,"280":1,"281":1,"283":0,"288":1,"289":1,"291":0,"297":1,"298":1,"300":0,"305":0,"306":0,"308":0},"path":"/Users/KeeganLaptop/chainlink-bootcamp/surpay-backend/contracts/Surpay.sol","s":{"1":12,"2":2,"3":2,"4":1,"5":1,"6":1,"7":1,"8":4,"9":12,"10":12,"11":12,"12":8,"13":7,"14":7,"15":7,"16":3,"17":3,"18":7,"19":1,"20":1,"21":1,"22":1,"23":2,"24":2,"25":2,"26":2,"27":1,"28":1,"29":1,"30":0,"31":0,"32":1,"33":0,"34":0,"35":3,"36":17,"37":16,"38":1,"39":0,"40":0,"41":1,"42":1,"43":1,"44":1,"45":1,"46":1,"47":1,"48":1,"49":0,"50":0},"b":{"1":[2,10],"2":[1,1],"3":[2,2],"4":[0,12],"5":[8,1],"6":[7,1],"7":[3,4],"8":[0,1],"9":[2,0],"10":[0,2],"11":[2,1],"12":[1,1],"13":[1,0],"14":[0,0],"15":[0,0],"16":[0,0],"17":[1,0],"18":[1,0],"19":[1,0],"20":[1,0],"21":[0,0]},"f":{"1":12,"2":3,"3":2,"4":4,"5":12,"6":8,"7":1,"8":2,"9":0,"10":1,"11":0,"12":3,"13":17,"14":16,"15":1,"16":0,"17":1,"18":1,"19":1,"20":1,"21":0},"fnMap":{"1":{"name":"onlyOwner","line":72,"loc":{"start":{"line":72,"column":4},"end":{"line":75,"column":4}}},"2":{"name":"constructor","line":78,"loc":{"start":{"line":78,"column":4},"end":{"line":82,"column":4}}},"3":{"name":"performUpkeep","line":97,"loc":{"start":{"line":97,"column":4},"end":{"line":109,"column":4}}},"4":{"name":"checkUpkeep","line":113,"loc":{"start":{"line":113,"column":4},"end":{"line":120,"column":4}}},"5":{"name":"createSurvey","line":126,"loc":{"start":{"line":126,"column":4},"end":{"line":148,"column":4}}},"6":{"name":"sendUserSurveyData","line":156,"loc":{"start":{"line":156,"column":4},"end":{"line":177,"column":4}}},"7":{"name":"distributeFundsFromCompletedSurvey","line":182,"loc":{"start":{"line":182,"column":4},"end":{"line":207,"column":4}}},"8":{"name":"withdrawFromFeeHolder","line":209,"loc":{"start":{"line":209,"column":4},"end":{"line":221,"column":4}}},"9":{"name":"removeCompletedSurveys","line":223,"loc":{"start":{"line":223,"column":4},"end":{"line":228,"column":4}}},"10":{"name":"getOwner","line":232,"loc":{"start":{"line":232,"column":4},"end":{"line":234,"column":4}}},"11":{"name":"getSurveyState","line":236,"loc":{"start":{"line":236,"column":4},"end":{"line":243,"column":4}}},"12":{"name":"getFeeHolderAmount","line":245,"loc":{"start":{"line":245,"column":4},"end":{"line":247,"column":4}}},"13":{"name":"getSurveyCreationFee","line":249,"loc":{"start":{"line":249,"column":4},"end":{"line":251,"column":4}}},"14":{"name":"getInterval","line":253,"loc":{"start":{"line":253,"column":4},"end":{"line":255,"column":4}}},"15":{"name":"getCompanyId","line":257,"loc":{"start":{"line":257,"column":4},"end":{"line":259,"column":4}}},"16":{"name":"getSurveyPayoutAmount","line":261,"loc":{"start":{"line":261,"column":4},"end":{"line":267,"column":4}}},"17":{"name":"getSurveyTaker","line":269,"loc":{"start":{"line":269,"column":4},"end":{"line":277,"column":4}}},"18":{"name":"getAllSurveyResponseData","line":279,"loc":{"start":{"line":279,"column":4},"end":{"line":285,"column":4}}},"19":{"name":"getSurveyResponseData","line":287,"loc":{"start":{"line":287,"column":4},"end":{"line":294,"column":4}}},"20":{"name":"getLastTimeStamp","line":296,"loc":{"start":{"line":296,"column":4},"end":{"line":302,"column":4}}},"21":{"name":"getPayoutPerPersonBySurveyId","line":304,"loc":{"start":{"line":304,"column":4},"end":{"line":310,"column":4}}}},"statementMap":{"1":{"start":{"line":73,"column":8},"end":{"line":73,"column":60}},"2":{"start":{"line":98,"column":8},"end":{"line":98,"column":47}},"3":{"start":{"line":100,"column":8},"end":{"line":100,"column":3082}},"4":{"start":{"line":101,"column":12},"end":{"line":101,"column":65}},"5":{"start":{"line":102,"column":12},"end":{"line":102,"column":3181}},"6":{"start":{"line":103,"column":12},"end":{"line":103,"column":48}},"7":{"start":{"line":104,"column":12},"end":{"line":104,"column":54}},"8":{"start":{"line":115,"column":8},"end":{"line":115,"column":3692}},"9":{"start":{"line":132,"column":12},"end":{"line":132,"column":4247}},"10":{"start":{"line":138,"column":12},"end":{"line":138,"column":35}},"11":{"start":{"line":147,"column":12},"end":{"line":147,"column":41}},"12":{"start":{"line":158,"column":8},"end":{"line":158,"column":5313}},"13":{"start":{"line":160,"column":12},"end":{"line":160,"column":68}},"14":{"start":{"line":161,"column":12},"end":{"line":161,"column":71}},"15":{"start":{"line":164,"column":12},"end":{"line":164,"column":5873}},"16":{"start":{"line":166,"column":16},"end":{"line":166,"column":49}},"17":{"start":{"line":168,"column":16},"end":{"line":168,"column":47}},"18":{"start":{"line":171,"column":12},"end":{"line":171,"column":47}},"19":{"start":{"line":185,"column":8},"end":{"line":185,"column":61}},"20":{"start":{"line":188,"column":8},"end":{"line":188,"column":6721}},"21":{"start":{"line":193,"column":8},"end":{"line":193,"column":24}},"22":{"start":{"line":197,"column":8},"end":{"line":197,"column":7233}},"23":{"start":{"line":198,"column":12},"end":{"line":198,"column":7328}},"24":{"start":{"line":199,"column":16},"end":{"line":199,"column":111}},"25":{"start":{"line":200,"column":16},"end":{"line":200,"column":7500}},"26":{"start":{"line":210,"column":8},"end":{"line":210,"column":7771}},"27":{"start":{"line":213,"column":12},"end":{"line":213,"column":62}},"28":{"start":{"line":214,"column":12},"end":{"line":214,"column":7940}},"29":{"start":{"line":216,"column":16},"end":{"line":216,"column":43}},"30":{"start":{"line":224,"column":8},"end":{"line":224,"column":61}},"31":{"start":{"line":225,"column":8},"end":{"line":225,"column":8263}},"32":{"start":{"line":233,"column":8},"end":{"line":233,"column":22}},"33":{"start":{"line":237,"column":8},"end":{"line":237,"column":8592}},"34":{"start":{"line":238,"column":12},"end":{"line":238,"column":51}},"35":{"start":{"line":246,"column":8},"end":{"line":246,"column":26}},"36":{"start":{"line":250,"column":8},"end":{"line":250,"column":34}},"37":{"start":{"line":254,"column":8},"end":{"line":254,"column":25}},"38":{"start":{"line":258,"column":8},"end":{"line":258,"column":44}},"39":{"start":{"line":262,"column":8},"end":{"line":262,"column":9327}},"40":{"start":{"line":263,"column":12},"end":{"line":263,"column":57}},"41":{"start":{"line":271,"column":8},"end":{"line":271,"column":9675}},"42":{"start":{"line":272,"column":12},"end":{"line":272,"column":62}},"43":{"start":{"line":280,"column":8},"end":{"line":280,"column":9994}},"44":{"start":{"line":281,"column":12},"end":{"line":281,"column":58}},"45":{"start":{"line":288,"column":8},"end":{"line":288,"column":10314}},"46":{"start":{"line":289,"column":12},"end":{"line":289,"column":72}},"47":{"start":{"line":297,"column":8},"end":{"line":297,"column":10623}},"48":{"start":{"line":298,"column":12},"end":{"line":298,"column":53}},"49":{"start":{"line":305,"column":8},"end":{"line":305,"column":10916}},"50":{"start":{"line":306,"column":12},"end":{"line":306,"column":103}}},"branchMap":{"1":{"line":73,"type":"if","locations":[{"start":{"line":73,"column":8},"end":{"line":73,"column":8}},{"start":{"line":73,"column":8},"end":{"line":73,"column":8}}]},"2":{"line":100,"type":"if","locations":[{"start":{"line":100,"column":8},"end":{"line":100,"column":8}},{"start":{"line":100,"column":8},"end":{"line":100,"column":8}}]},"3":{"line":115,"type":"if","locations":[{"start":{"line":115,"column":8},"end":{"line":115,"column":8}},{"start":{"line":115,"column":8},"end":{"line":115,"column":8}}]},"4":{"line":132,"type":"if","locations":[{"start":{"line":132,"column":12},"end":{"line":132,"column":12}},{"start":{"line":132,"column":12},"end":{"line":132,"column":12}}]},"5":{"line":156,"type":"if","locations":[{"start":{"line":156,"column":112},"end":{"line":156,"column":112}},{"start":{"line":156,"column":112},"end":{"line":156,"column":112}}]},"6":{"line":158,"type":"if","locations":[{"start":{"line":158,"column":8},"end":{"line":158,"column":8}},{"start":{"line":158,"column":8},"end":{"line":158,"column":8}}]},"7":{"line":164,"type":"if","locations":[{"start":{"line":164,"column":12},"end":{"line":164,"column":12}},{"start":{"line":164,"column":12},"end":{"line":164,"column":12}}]},"8":{"line":188,"type":"if","locations":[{"start":{"line":188,"column":8},"end":{"line":188,"column":8}},{"start":{"line":188,"column":8},"end":{"line":188,"column":8}}]},"9":{"line":198,"type":"if","locations":[{"start":{"line":198,"column":12},"end":{"line":198,"column":12}},{"start":{"line":198,"column":12},"end":{"line":198,"column":12}}]},"10":{"line":200,"type":"if","locations":[{"start":{"line":200,"column":16},"end":{"line":200,"column":16}},{"start":{"line":200,"column":16},"end":{"line":200,"column":16}}]},"11":{"line":209,"type":"if","locations":[{"start":{"line":209,"column":58},"end":{"line":209,"column":58}},{"start":{"line":209,"column":58},"end":{"line":209,"column":58}}]},"12":{"line":210,"type":"if","locations":[{"start":{"line":210,"column":8},"end":{"line":210,"column":8}},{"start":{"line":210,"column":8},"end":{"line":210,"column":8}}]},"13":{"line":214,"type":"if","locations":[{"start":{"line":214,"column":12},"end":{"line":214,"column":12}},{"start":{"line":214,"column":12},"end":{"line":214,"column":12}}]},"14":{"line":223,"type":"if","locations":[{"start":{"line":223,"column":45},"end":{"line":223,"column":45}},{"start":{"line":223,"column":45},"end":{"line":223,"column":45}}]},"15":{"line":237,"type":"if","locations":[{"start":{"line":237,"column":8},"end":{"line":237,"column":8}},{"start":{"line":237,"column":8},"end":{"line":237,"column":8}}]},"16":{"line":262,"type":"if","locations":[{"start":{"line":262,"column":8},"end":{"line":262,"column":8}},{"start":{"line":262,"column":8},"end":{"line":262,"column":8}}]},"17":{"line":271,"type":"if","locations":[{"start":{"line":271,"column":8},"end":{"line":271,"column":8}},{"start":{"line":271,"column":8},"end":{"line":271,"column":8}}]},"18":{"line":280,"type":"if","locations":[{"start":{"line":280,"column":8},"end":{"line":280,"column":8}},{"start":{"line":280,"column":8},"end":{"line":280,"column":8}}]},"19":{"line":288,"type":"if","locations":[{"start":{"line":288,"column":8},"end":{"line":288,"column":8}},{"start":{"line":288,"column":8},"end":{"line":288,"column":8}}]},"20":{"line":297,"type":"if","locations":[{"start":{"line":297,"column":8},"end":{"line":297,"column":8}},{"start":{"line":297,"column":8},"end":{"line":297,"column":8}}]},"21":{"line":305,"type":"if","locations":[{"start":{"line":305,"column":8},"end":{"line":305,"column":8}},{"start":{"line":305,"column":8},"end":{"line":305,"column":8}}]}}}}